<?xml version="1.0" encoding="UTF-8"?>
<testsuite xmlns:xsi="http://www.w3.org/2001/XMLSchema-instance" xsi:noNamespaceSchemaLocation="https://maven.apache.org/surefire/maven-surefire-plugin/xsd/surefire-test-report.xsd" version="3.0.2" name="com.example.MiniProject1.MiniProject1ApplicationTests" time="5.902" tests="102" errors="0" skipped="0" failures="0">
  <properties>
[...]
</properties>
  <testcase name="testGetUsersEndPoint" classname="com.example.MiniProject1.MiniProject1ApplicationTests" time="1.096">
    <system-out><![CDATA[04:55:51.487 [main] INFO org.springframework.test.context.support.AnnotationConfigContextLoaderUtils -- Could not detect default configuration classes for test class [com.example.MiniProject1.MiniProject1ApplicationTests]: MiniProject1ApplicationTests does not declare any static, non-private, non-final, nested classes annotated with @Configuration.
04:55:51.672 [main] INFO org.springframework.boot.test.context.SpringBootTestContextBootstrapper -- Found @SpringBootConfiguration com.example.MiniProject1.MiniProject1Application for test class com.example.MiniProject1.MiniProject1ApplicationTests
04:55:51.785 [main] INFO org.springframework.boot.devtools.restart.RestartApplicationListener -- Restart disabled due to context in which it is running

  .   ____          _            __ _ _
 /\\ / ___'_ __ _ _(_)_ __  __ _ \ \ \ \
( ( )\___ | '_ | '_| | '_ \/ _` | \ \ \ \
 \\/  ___)| |_)| | | | | || (_| |  ) ) ) )
  '  |____| .__|_| |_|_| |_\__, | / / / /
 =========|_|==============|___/=/_/_/_/

 :: Spring Boot ::                (v3.4.2)

2025-03-12T04:55:52.203+02:00  INFO 3800 --- [MiniProject1] [           main] c.e.M.MiniProject1ApplicationTests       : Starting MiniProject1ApplicationTests using Java 23.0.2 with PID 3800 (started by mobi lap in C:\Users\mobi lap\Downloads\85-Creme-De-La-Creme)
2025-03-12T04:55:52.205+02:00  INFO 3800 --- [MiniProject1] [           main] c.e.M.MiniProject1ApplicationTests       : No active profile set, falling back to 1 default profile: "default"
2025-03-12T04:55:53.606+02:00  INFO 3800 --- [MiniProject1] [           main] o.s.b.t.m.w.SpringBootMockServletContext : Initializing Spring TestDispatcherServlet ''
2025-03-12T04:55:53.607+02:00  INFO 3800 --- [MiniProject1] [           main] o.s.t.web.servlet.TestDispatcherServlet  : Initializing Servlet ''
2025-03-12T04:55:53.609+02:00  INFO 3800 --- [MiniProject1] [           main] o.s.t.web.servlet.TestDispatcherServlet  : Completed initialization in 1 ms
2025-03-12T04:55:53.637+02:00  INFO 3800 --- [MiniProject1] [           main] c.e.M.MiniProject1ApplicationTests       : Started MiniProject1ApplicationTests in 1.872 seconds (process running for 3.167)
]]></system-out>
    <system-err><![CDATA[Mockito is currently self-attaching to enable the inline-mock-maker. This will no longer work in future releases of the JDK. Please add Mockito as an agent to your build what is described in Mockito's documentation: https://javadoc.io/doc/org.mockito/mockito-core/latest/org/mockito/Mockito.html#0.3
WARNING: A Java agent has been loaded dynamically (C:\Users\mobi lap\.m2\repository\net\bytebuddy\byte-buddy-agent\1.15.11\byte-buddy-agent-1.15.11.jar)
WARNING: If a serviceability tool is in use, please run with -XX:+EnableDynamicAgentLoading to hide this warning
WARNING: If a serviceability tool is not in use, please run with -Djdk.instrument.traceUsage for more information
WARNING: Dynamic loading of agents will be disallowed by default in a future release
]]></system-err>
  </testcase>
  <testcase name="getEmptyListOfUsers" classname="com.example.MiniProject1.MiniProject1ApplicationTests" time="0.016"/>
  <testcase name="testGetCartByIdEndPoint" classname="com.example.MiniProject1.MiniProject1ApplicationTests" time="0.056"/>
  <testcase name="getUserWithIdandVerifyNameAndOrder" classname="com.example.MiniProject1.MiniProject1ApplicationTests" time="0.02"/>
  <testcase name="testEmptyCartEndpoint" classname="com.example.MiniProject1.MiniProject1ApplicationTests" time="0.029"/>
  <testcase name="RemoveOrderFromListOfMultipleOrders" classname="com.example.MiniProject1.MiniProject1ApplicationTests" time="0.025"/>
  <testcase name="EmptyCartWithWrongUserID" classname="com.example.MiniProject1.MiniProject1ApplicationTests" time="0.042"/>
  <testcase name="testAddOrderEndPoint" classname="com.example.MiniProject1.MiniProject1ApplicationTests" time="0.033"/>
  <testcase name="AddOrderNormally" classname="com.example.MiniProject1.MiniProject1ApplicationTests" time="0.031"/>
  <testcase name="AddOrderAlreadyExist" classname="com.example.MiniProject1.MiniProject1ApplicationTests" time="0.034"/>
  <testcase name="testApplyDiscountEndPoint" classname="com.example.MiniProject1.MiniProject1ApplicationTests" time="0.044"/>
  <testcase name="getUserOrderWhileEmptyWithID" classname="com.example.MiniProject1.MiniProject1ApplicationTests" time="0.019"/>
  <testcase name="testDeleteOrderByIdEndPoint" classname="com.example.MiniProject1.MiniProject1ApplicationTests" time="0.02"/>
  <testcase name="DeleteOrderByWrongID" classname="com.example.MiniProject1.MiniProject1ApplicationTests" time="0.037"/>
  <testcase name="ApplyDiscountWithNegativeNumber" classname="com.example.MiniProject1.MiniProject1ApplicationTests" time="0.015"/>
  <testcase name="AddCartWithoutID" classname="com.example.MiniProject1.MiniProject1ApplicationTests" time="0.013"/>
  <testcase name="GetProductByWrongID" classname="com.example.MiniProject1.MiniProject1ApplicationTests" time="0.015"/>
  <testcase name="testGetOrdersByUserIdEndPoint" classname="com.example.MiniProject1.MiniProject1ApplicationTests" time="0.025"/>
  <testcase name="testDeleteProductByIdEndPoint1" classname="com.example.MiniProject1.MiniProject1ApplicationTests" time="0.016"/>
  <testcase name="addUserWithOrder" classname="com.example.MiniProject1.MiniProject1ApplicationTests" time="0.007"/>
  <testcase name="UpdateProductThatItsIDDoesNotExist" classname="com.example.MiniProject1.MiniProject1ApplicationTests" time="0.016"/>
  <testcase name="EmptyCartWithCorrectUserIDAndStuffInCart" classname="com.example.MiniProject1.MiniProject1ApplicationTests" time="0.022"/>
  <testcase name="addUserWithoutID" classname="com.example.MiniProject1.MiniProject1ApplicationTests" time="0.008"/>
  <testcase name="AddMultipleOrders" classname="com.example.MiniProject1.MiniProject1ApplicationTests" time="0.037"/>
  <testcase name="addUserNormally" classname="com.example.MiniProject1.MiniProject1ApplicationTests" time="0.007"/>
  <testcase name="testAddUserEndPoint" classname="com.example.MiniProject1.MiniProject1ApplicationTests" time="0.017"/>
  <testcase name="testGetCartsEndPoint" classname="com.example.MiniProject1.MiniProject1ApplicationTests" time="0.016"/>
  <testcase name="AddCartWithID" classname="com.example.MiniProject1.MiniProject1ApplicationTests" time="0.015"/>
  <testcase name="GetCartByCorrectUserID" classname="com.example.MiniProject1.MiniProject1ApplicationTests" time="0.022"/>
  <testcase name="testAddOrderToUserEndPoint" classname="com.example.MiniProject1.MiniProject1ApplicationTests" time="0.025"/>
  <testcase name="testUpdateProductEndPoint" classname="com.example.MiniProject1.MiniProject1ApplicationTests" time="0.039"/>
  <testcase name="getOrderByWrongID" classname="com.example.MiniProject1.MiniProject1ApplicationTests" time="0.032"/>
  <testcase name="testRemoveOrderOfUserEndPoint" classname="com.example.MiniProject1.MiniProject1ApplicationTests" time="0.017"/>
  <testcase name="getUserbyIdNormally" classname="com.example.MiniProject1.MiniProject1ApplicationTests" time="0.013"/>
  <testcase name="getUsersNormally" classname="com.example.MiniProject1.MiniProject1ApplicationTests" time="0.03"/>
  <testcase name="GetCartByWrongUserID" classname="com.example.MiniProject1.MiniProject1ApplicationTests" time="0.022"/>
  <testcase name="AddOrderWithCorrectUserIDAndCart" classname="com.example.MiniProject1.MiniProject1ApplicationTests" time="0.035"/>
  <testcase name="AddProductToCartWithCorrectID" classname="com.example.MiniProject1.MiniProject1ApplicationTests" time="0.03"/>
  <testcase name="GetAllCartsWhileEmpty" classname="com.example.MiniProject1.MiniProject1ApplicationTests" time="0.006"/>
  <testcase name="addProductNormallyWithoutID" classname="com.example.MiniProject1.MiniProject1ApplicationTests" time="0.005"/>
  <testcase name="GetProductByCorrectIdFromAListOfOneProduct" classname="com.example.MiniProject1.MiniProject1ApplicationTests" time="0.013"/>
  <testcase name="DeleteProductFromCartWithCorrectID" classname="com.example.MiniProject1.MiniProject1ApplicationTests" time="0.022"/>
  <testcase name="DeleteProductNormally" classname="com.example.MiniProject1.MiniProject1ApplicationTests" time="0.014"/>
  <testcase name="GetCartByWrongID" classname="com.example.MiniProject1.MiniProject1ApplicationTests" time="0.021"/>
  <testcase name="testGetProductByIdEndPoint" classname="com.example.MiniProject1.MiniProject1ApplicationTests" time="0.015"/>
  <testcase name="DeleteProductwithWrongID" classname="com.example.MiniProject1.MiniProject1ApplicationTests" time="0.012"/>
  <testcase name="GetEmptyOrdersList" classname="com.example.MiniProject1.MiniProject1ApplicationTests" time="0.005"/>
  <testcase name="getUserOrderWithMultipleOrdersUsingID" classname="com.example.MiniProject1.MiniProject1ApplicationTests" time="0.013"/>
  <testcase name="DeleteMultipleUserFromListOfUsers" classname="com.example.MiniProject1.MiniProject1ApplicationTests" time="0.029"/>
  <testcase name="DeleteCartByNullID" classname="com.example.MiniProject1.MiniProject1ApplicationTests" time="0.015"/>
  <testcase name="GetCartByNullID" classname="com.example.MiniProject1.MiniProject1ApplicationTests" time="0.025"/>
  <testcase name="GetAllCartsWhichContainsOneCart" classname="com.example.MiniProject1.MiniProject1ApplicationTests" time="0.017"/>
  <testcase name="EmptyCartWithCorrectUserIDAndAnEmptyCart" classname="com.example.MiniProject1.MiniProject1ApplicationTests" time="0.016"/>
  <testcase name="DeleteOrderByID" classname="com.example.MiniProject1.MiniProject1ApplicationTests" time="0.042"/>
  <testcase name="AddOrderWithCorrectUserIDAndNullCart" classname="com.example.MiniProject1.MiniProject1ApplicationTests" time="0.006"/>
  <testcase name="testGetProductsEndPoint" classname="com.example.MiniProject1.MiniProject1ApplicationTests" time="0.02"/>
  <testcase name="getUsersAfterDeletingOne" classname="com.example.MiniProject1.MiniProject1ApplicationTests" time="0.031"/>
  <testcase name="DeleteNullProductFromCartWithCorrectID" classname="com.example.MiniProject1.MiniProject1ApplicationTests" time="0.024"/>
  <testcase name="getUserWithWrongId" classname="com.example.MiniProject1.MiniProject1ApplicationTests" time="0.014"/>
  <testcase name="testAddProductEndPoint" classname="com.example.MiniProject1.MiniProject1ApplicationTests" time="0.017"/>
  <testcase name="RemoveOrderFromListOfOneOrderNormaly" classname="com.example.MiniProject1.MiniProject1ApplicationTests" time="0.024"/>
  <testcase name="AddNullProductToCartWithCorrectID" classname="com.example.MiniProject1.MiniProject1ApplicationTests" time="0.022"/>
  <testcase name="ApplyDiscountNormally" classname="com.example.MiniProject1.MiniProject1ApplicationTests" time="0.044"/>
  <testcase name="DeleteOrderByNullID" classname="com.example.MiniProject1.MiniProject1ApplicationTests" time="0.005"/>
  <testcase name="testDeleteProductFromCartEndPoint1" classname="com.example.MiniProject1.MiniProject1ApplicationTests" time="0.022"/>
  <testcase name="testDeleteProductFromCartEndPoint2" classname="com.example.MiniProject1.MiniProject1ApplicationTests" time="0.014"/>
  <testcase name="AddOrderWithWrongUserID" classname="com.example.MiniProject1.MiniProject1ApplicationTests" time="0.014"/>
  <testcase name="GetProductsWhileEmpty" classname="com.example.MiniProject1.MiniProject1ApplicationTests" time="0.004"/>
  <testcase name="UpdateProductNormally" classname="com.example.MiniProject1.MiniProject1ApplicationTests" time="0.02"/>
  <testcase name="testDeleteOrderByIdEndPoint2" classname="com.example.MiniProject1.MiniProject1ApplicationTests" time="0.005"/>
  <testcase name="DeleteProductWithWrongCartID" classname="com.example.MiniProject1.MiniProject1ApplicationTests" time="0.021"/>
  <testcase name="AddProductWithWrongCartID" classname="com.example.MiniProject1.MiniProject1ApplicationTests" time="0.022"/>
  <testcase name="DeleteOneUserFromListOfUsers" classname="com.example.MiniProject1.MiniProject1ApplicationTests" time="0.037"/>
  <testcase name="testGetOrdersEndPoint" classname="com.example.MiniProject1.MiniProject1ApplicationTests" time="0.021"/>
  <testcase name="GetOrdersShouldReturnAnOrder" classname="com.example.MiniProject1.MiniProject1ApplicationTests" time="0.037"/>
  <testcase name="RemoveMultipleOrdesrFromAnUsersOrdersList" classname="com.example.MiniProject1.MiniProject1ApplicationTests" time="0.036"/>
  <testcase name="addMultipleProducts" classname="com.example.MiniProject1.MiniProject1ApplicationTests" time="0.027"/>
  <testcase name="testGetOrderByIdEndPoint" classname="com.example.MiniProject1.MiniProject1ApplicationTests" time="0.015"/>
  <testcase name="GetCartByNullUserID" classname="com.example.MiniProject1.MiniProject1ApplicationTests" time="0.019"/>
  <testcase name="getOrdersWithOnlyIdAssociatedToItsUser" classname="com.example.MiniProject1.MiniProject1ApplicationTests" time="0.044"/>
  <testcase name="testAddProductToCartEndPoint" classname="com.example.MiniProject1.MiniProject1ApplicationTests" time="0.035"/>
  <testcase name="ApplyDiscountOverAnotherDiscount" classname="com.example.MiniProject1.MiniProject1ApplicationTests" time="0.035"/>
  <testcase name="testAddCartEndPoint" classname="com.example.MiniProject1.MiniProject1ApplicationTests" time="0.019"/>
  <testcase name="addProductWithID" classname="com.example.MiniProject1.MiniProject1ApplicationTests" time="0.014"/>
  <testcase name="getOrderByCorrectID" classname="com.example.MiniProject1.MiniProject1ApplicationTests" time="0.03"/>
  <testcase name="DeleteUserNormally" classname="com.example.MiniProject1.MiniProject1ApplicationTests" time="0.013"/>
  <testcase name="DeleteOneProductFromAListofManyProducts" classname="com.example.MiniProject1.MiniProject1ApplicationTests" time="0.037"/>
  <testcase name="testDeleteCartByIdEndPoint" classname="com.example.MiniProject1.MiniProject1ApplicationTests" time="0.013"/>
  <testcase name="GetAllCartsWhichContainsMultipleCarts" classname="com.example.MiniProject1.MiniProject1ApplicationTests" time="0.03"/>
  <testcase name="GetProductsAfterDeletingOne" classname="com.example.MiniProject1.MiniProject1ApplicationTests" time="0.031"/>
  <testcase name="GetProductByCorrectIdFromAListOfManyProducts" classname="com.example.MiniProject1.MiniProject1ApplicationTests" time="0.047"/>
  <testcase name="GetCartByCorrectID" classname="com.example.MiniProject1.MiniProject1ApplicationTests" time="0.024"/>
  <testcase name="Add2CartsWithTheSameUser" classname="com.example.MiniProject1.MiniProject1ApplicationTests" time="0.024"/>
  <testcase name="testGetUserByIdEndPoint" classname="com.example.MiniProject1.MiniProject1ApplicationTests" time="0.015"/>
  <testcase name="GetProductsFromListofOneProduct" classname="com.example.MiniProject1.MiniProject1ApplicationTests" time="0.014"/>
  <testcase name="DeleteCartByCorrectID" classname="com.example.MiniProject1.MiniProject1ApplicationTests" time="0.022"/>
  <testcase name="DeleteCartByWrongID" classname="com.example.MiniProject1.MiniProject1ApplicationTests" time="0.021"/>
  <testcase name="UpdateProductWithOnlyOneParameter" classname="com.example.MiniProject1.MiniProject1ApplicationTests" time="0.02"/>
  <testcase name="testDeleteUserByIdEndPoint1" classname="com.example.MiniProject1.MiniProject1ApplicationTests" time="0.014"/>
  <testcase name="testDeleteUserByIdEndPoint2" classname="com.example.MiniProject1.MiniProject1ApplicationTests" time="0.013"/>
  <testcase name="getOrderByNullID" classname="com.example.MiniProject1.MiniProject1ApplicationTests" time="0.026"/>
  <testcase name="GetOrdersListAfterDeletingOrder" classname="com.example.MiniProject1.MiniProject1ApplicationTests" time="0.044"/>
</testsuite>